zxinglib/build/outputs/logs/manifest-merger-debug-report.txt
-- Merging decision tree log ---
manifest
ADDED from src\main\AndroidManifest.xml:2:1-27:12
INJECTED from src\main\AndroidManifest.xml:2:1-27:12
INJECTED from src\main\AndroidManifest.xml:2:1-27:12
INJECTED from src\main\AndroidManifest.xml:2:1-27:12
INJECTED from src\main\AndroidManifest.xml:2:1-27:12
INJECTED from src\main\AndroidManifest.xml:2:1-27:12
INJECTED from src\main\AndroidManifest.xml:2:1-27:12
	package
		ADDED from src\main\AndroidManifest.xml:3:11-52
		INJECTED from src\main\AndroidManifest.xml
		INJECTED from src\main\AndroidManifest.xml
	android:versionName
		ADDED from src\main\AndroidManifest.xml:5:11-36
		INJECTED from src\main\AndroidManifest.xml
		INJECTED from src\main\AndroidManifest.xml
	xmlns:android
		ADDED from src\main\AndroidManifest.xml:2:11-69
	android:versionCode
		ADDED from src\main\AndroidManifest.xml:4:11-34
		INJECTED from src\main\AndroidManifest.xml
		INJECTED from src\main\AndroidManifest.xml
	android:installLocation
		ADDED from src\main\AndroidManifest.xml:6:11-41
uses-permission#android.permission.CAMERA
ADDED from src\main\AndroidManifest.xml:8:5-64
	android:name
		ADDED from src\main\AndroidManifest.xml:8:22-62
uses-permission#android.permission.FLASHLIGHT
ADDED from src\main\AndroidManifest.xml:9:5-68
	android:name
		ADDED from src\main\AndroidManifest.xml:9:22-66
uses-permission#android.permission.VIBRATE
ADDED from src\main\AndroidManifest.xml:10:5-65
	android:name
		ADDED from src\main\AndroidManifest.xml:10:22-63
uses-sdk
ADDED from src\main\AndroidManifest.xml:12:5-43
INJECTED from src\main\AndroidManifest.xml:12:5-43
INJECTED from src\main\AndroidManifest.xml:12:5-43
INJECTED from src\main\AndroidManifest.xml:12:5-43
INJECTED from src\main\AndroidManifest.xml:12:5-43
	android:targetSdkVersion
		INJECTED from src\main\AndroidManifest.xml
		ADDED from src\main\AndroidManifest.xml:12:5-43
		INJECTED from src\main\AndroidManifest.xml
	android:minSdkVersion
		ADDED from src\main\AndroidManifest.xml:12:15-41
		INJECTED from src\main\AndroidManifest.xml
		INJECTED from src\main\AndroidManifest.xml
application
ADDED from src\main\AndroidManifest.xml:14:5-25:19
	android:label
		ADDED from src\main\AndroidManifest.xml:15:18-50
	android:allowBackup
		ADDED from src\main\AndroidManifest.xml:16:18-44
activity#com.google.zxing.client.android.CaptureActivity
ADDED from src\main\AndroidManifest.xml:17:9-24:20
	android:screenOrientation
		ADDED from src\main\AndroidManifest.xml:21:17-53
	android:clearTaskOnLaunch
		ADDED from src\main\AndroidManifest.xml:19:17-49
	android:stateNotNeeded
		ADDED from src\main\AndroidManifest.xml:20:17-46
	android:windowSoftInputMode
		ADDED from src\main\AndroidManifest.xml:23:17-64
	android:theme
		ADDED from src\main\AndroidManifest.xml:22:17-52
	android:name
		ADDED from src\main\AndroidManifest.xml:18:17-48